<?xml version="1.0" encoding="UTF-8"?>
<!-- Generated by org.testng.reporters.JUnitReportReporter -->
<testsuite name="com.protech.nvkids.testcases.refm.ViewReferenceCodesTestcase" tests="1" time="51.194" ignored="0" failures="0" timestamp="14 Nov 2019 10:02:47 GMT" skipped="0" hostname="probs-178" errors="0">
  <testcase name="inquireWithInvalidReferenceEntityAndAttribute" time="51.194" classname="com.protech.nvkids.testcases.refm.ViewReferenceCodesTestcase"/>
</testsuite> <!-- com.protech.nvkids.testcases.refm.ViewReferenceCodesTestcase -->
