<?xml version="1.0" encoding="UTF-8"?>
<!-- Generated by org.testng.reporters.JUnitReportReporter -->
<testsuite name="com.protech.nvkids.testcases.refm.AddReferencePercentagesTestcase" tests="1" time="51.195" ignored="0" failures="0" timestamp="18 Nov 2019 06:00:02 GMT" skipped="0" hostname="probs-178" errors="0">
  <testcase name="navigateToViewReferenceCodes" time="51.195" classname="com.protech.nvkids.testcases.refm.AddReferencePercentagesTestcase"/>
</testsuite> <!-- com.protech.nvkids.testcases.refm.AddReferencePercentagesTestcase -->
