<?xml version="1.0" encoding="UTF-8"?>
<!-- Generated by org.testng.reporters.JUnitReportReporter -->
<<<<<<< .mine
<testsuite skipped="0" hostname="probs-178" name="com.protech.nvkids.testcases.bstl.BatchErrorsTestcase" tests="2" failures="0" timestamp="04 Nov 2019 07:58:35 GMT" time="87.061" errors="0">
  <testcase name="verifyInvalidProcessDate" time="42.691" classname="com.protech.nvkids.testcases.bstl.BatchErrorsTestcase"/>
  <testcase name="verify_SuccessfulInquiry" time="44.370" classname="com.protech.nvkids.testcases.bstl.BatchErrorsTestcase"/>
||||||| .r31500
=======
<testsuite name="com.protech.nvkids.testcases.bstl.BatchErrorsTestcase" tests="2" time="78.029" ignored="6" failures="0" timestamp="11 Nov 2019 11:40:07 GMT" skipped="0" hostname="probs-165" errors="0">
  <testcase name="TC15_verify_SuccessfulInquiry" time="37.073" classname="com.protech.nvkids.testcases.bstl.BatchErrorsTestcase"/>
  <testcase name="TC14_verify_NoMatchingRecords" time="40.956" classname="com.protech.nvkids.testcases.bstl.BatchErrorsTestcase"/>
  <testcase name="stopReport" classname="utils.Reporter">
    <skipped/>
  </testcase> <!-- stopReport -->
  <testcase name="stopReport" classname="utils.Reporter">
    <skipped/>
  </testcase> <!-- stopReport -->
  <testcase name="Deleteimages" classname="utils.Reporter">
    <skipped/>
  </testcase> <!-- Deleteimages -->
  <testcase name="Deleteimages" classname="utils.Reporter">
    <skipped/>
  </testcase> <!-- Deleteimages -->
  <testcase name="startReport" classname="utils.Reporter">
    <skipped/>
  </testcase> <!-- startReport -->
  <testcase name="startReport" classname="utils.Reporter">
    <skipped/>
  </testcase> <!-- startReport -->
>>>>>>> .r31509
</testsuite> <!-- com.protech.nvkids.testcases.bstl.BatchErrorsTestcase -->
