<?xml version="1.0" encoding="UTF-8"?>
<!-- Generated by org.testng.reporters.JUnitReportReporter -->
<testsuite name="com.protech.nvkids.testcases.refm.ViewReferencePercentagesTestcase" tests="1" time="50.198" ignored="0" failures="0" timestamp="15 Nov 2019 11:25:50 GMT" skipped="0" hostname="probs-178" errors="0">
  <testcase name="inquireWithInvalidUser" time="50.198" classname="com.protech.nvkids.testcases.refm.ViewReferencePercentagesTestcase"/>
</testsuite> <!-- com.protech.nvkids.testcases.refm.ViewReferencePercentagesTestcase -->
