<?xml version="1.0" encoding="UTF-8"?>
<!-- Generated by org.testng.reporters.JUnitReportReporter -->
<testsuite name="com.protech.nvkids.testcases.refm.AddReferenceCodesTestcase" tests="1" time="53.396" ignored="0" failures="0" timestamp="12 Nov 2019 14:02:30 GMT" skipped="0" hostname="probs-178" errors="0">
  <testcase name="verifySuccessfulAdd" time="53.396" classname="com.protech.nvkids.testcases.refm.AddReferenceCodesTestcase"/>
</testsuite> <!-- com.protech.nvkids.testcases.refm.AddReferenceCodesTestcase -->
