<?xml version="1.0" encoding="UTF-8"?>
<!-- Generated by org.testng.reporters.JUnitReportReporter -->
<testsuite skipped="0" hostname="ProIIDWS-01" name="com.protech.nvkids.testcases.Login_TestCase" tests="1" failures="0" timestamp="29 Aug 2019 05:09:00 GMT" time="91.750" errors="0">
  <testcase name="VerifyLogin" time="91.750" classname="com.protech.nvkids.testcases.Login_TestCase"/>
</testsuite> <!-- com.protech.nvkids.testcases.Login_TestCase -->
