<?xml version="1.0" encoding="UTF-8"?>
<!-- Generated by org.testng.reporters.JUnitReportReporter -->
<testsuite name="com.protech.nvkids.testcases.demo.PersonalInformationTestCase" tests="1" time="60.824" ignored="0" failures="0" timestamp="15 Nov 2019 12:51:53 GMT" skipped="0" hostname="probs-165" errors="0">
  <testcase name="UploadButton" time="60.824" classname="com.protech.nvkids.testcases.demo.PersonalInformationTestCase"/>
</testsuite> <!-- com.protech.nvkids.testcases.demo.PersonalInformationTestCase -->
