<?xml version="1.0" encoding="UTF-8"?>
<!-- Generated by org.testng.reporters.JUnitReportReporter -->
<testsuite skipped="0" hostname="probs-165" name="com.protech.nvkids.testcases.login_test" tests="1" failures="0" timestamp="06 Sep 2019 10:21:21 GMT" time="29.951" errors="0">
  <testcase name="login_test" time="29.951" classname="com.protech.nvkids.testcases.login_test"/>
</testsuite> <!-- com.protech.nvkids.testcases.login_test -->
