<?xml version="1.0" encoding="UTF-8"?>
<!-- Generated by org.testng.reporters.JUnitReportReporter -->
<testsuite name="com.protech.nvkids.testcases.rstr.AddHighProfileRestrictedCasesTestCase" tests="1" time="48.955" ignored="0" failures="0" timestamp="12 Nov 2019 12:04:02 GMT" skipped="0" hostname="probs-178" errors="0">
  <testcase name="Addwithnullfields" time="48.955" classname="com.protech.nvkids.testcases.rstr.AddHighProfileRestrictedCasesTestCase"/>
</testsuite> <!-- com.protech.nvkids.testcases.rstr.AddHighProfileRestrictedCasesTestCase -->
