<?xml version="1.0" encoding="UTF-8"?>
<!-- Generated by org.testng.reporters.JUnitReportReporter -->
<testsuite skipped="0" hostname="probs-165" name="bstl.testcases.BatchStatusLogsTestcase" tests="1" failures="0" timestamp="10 Sep 2019 15:33:28 GMT" time="111.933" errors="0">
  <testcase name="verifyfieldspresent" time="111.933" classname="bstl.testcases.BatchStatusLogsTestcase"/>
</testsuite> <!-- bstl.testcases.BatchStatusLogsTestcase -->
