<?xml version="1.0" encoding="UTF-8"?>
<!-- Generated by org.testng.reporters.JUnitReportReporter -->
<testsuite skipped="0" hostname="ProIIDWS-01" name="com.listener.test" tests="1" failures="0" timestamp="05 Sep 2019 10:19:37 GMT" time="0.017" errors="0">
  <testcase name="total" time="0.017" classname="com.listener.test"/>
</testsuite> <!-- com.listener.test -->
