<?xml version="1.0" encoding="UTF-8"?>
<!-- Generated by org.testng.reporters.JUnitReportReporter -->
<testsuite name="com.protech.nvkids.testcases.refm.EditReferenceCodesTestcase" tests="1" time="67.060" ignored="0" failures="0" timestamp="13 Nov 2019 12:01:18 GMT" skipped="0" hostname="probs-178" errors="0">
  <testcase name="verifyEditWithNoChanges" time="67.060" classname="com.protech.nvkids.testcases.refm.EditReferenceCodesTestcase"/>
</testsuite> <!-- com.protech.nvkids.testcases.refm.EditReferenceCodesTestcase -->
