<?xml version="1.0" encoding="UTF-8"?>
<!-- Generated by org.testng.reporters.JUnitReportReporter -->
<testsuite skipped="0" hostname="ProDCWS-13" name="com.protech.nvkids.pages.substring" tests="1" failures="0" timestamp="24 Jul 2019 14:23:18 GMT" time="0.015" errors="0">
  <testcase name="method1" time="0.015" classname="com.protech.nvkids.pages.substring"/>
</testsuite> <!-- com.protech.nvkids.pages.substring -->
