<?xml version="1.0" encoding="UTF-8"?>
<!-- Generated by org.testng.reporters.JUnitReportReporter -->
<testsuite skipped="0" hostname="ProDCWS-13" name="com.protech.nvkids.testcases.TC001_InquireAndValidate" tests="1" failures="0" timestamp="22 Jul 2019 13:04:06 GMT" time="30.719" errors="0">
  <testcase name="inquireAndValidate" time="30.719" classname="com.protech.nvkids.testcases.TC001_InquireAndValidate"/>
</testsuite> <!-- com.protech.nvkids.testcases.TC001_InquireAndValidate -->
