<?xml version="1.0" encoding="UTF-8"?>
<!-- Generated by org.testng.reporters.JUnitReportReporter -->
<testsuite name="com.protech.nvkids.testcases.refm.AddReferenceAmountsTestcase" tests="1" time="44.243" ignored="0" failures="0" timestamp="18 Nov 2019 05:22:06 GMT" skipped="0" hostname="probs-178" errors="0">
  <testcase name="navigateToViewReferenceCodes" time="44.243" classname="com.protech.nvkids.testcases.refm.AddReferenceAmountsTestcase"/>
</testsuite> <!-- com.protech.nvkids.testcases.refm.AddReferenceAmountsTestcase -->
