<?xml version="1.0" encoding="UTF-8"?>
<!-- Generated by org.testng.reporters.JUnitReportReporter -->
<testsuite skipped="0" hostname="ProIIDWS-01" name="com.protech.nvkids.testcases.ASelbaseTest" tests="7" failures="0" timestamp="30 Aug 2019 13:24:29 GMT" time="65.813" errors="0">
  <testcase name="Test_LaunchURL" time="5.410" classname="com.protech.nvkids.testcases.ASelbaseTest"/>
  <testcase name="Test_Click_Functionality" time="10.819" classname="com.protech.nvkids.testcases.ASelbaseTest"/>
  <testcase name="Test_Clear_Functionality" time="10.828" classname="com.protech.nvkids.testcases.ASelbaseTest"/>
  <testcase name="Test_Selectdorpdownvalue_usingText" time="6.513" classname="com.protech.nvkids.testcases.ASelbaseTest"/>
  <testcase name="Test_Selectdorpdownvalue_usingIndex" time="9.996" classname="com.protech.nvkids.testcases.ASelbaseTest"/>
  <testcase name="Test_Selectdorpdownvalue_using_value" time="9.271" classname="com.protech.nvkids.testcases.ASelbaseTest"/>
  <testcase name="Test_VerifySwitchTO_AlertWindow" time="12.976" classname="com.protech.nvkids.testcases.ASelbaseTest"/>
</testsuite> <!-- com.protech.nvkids.testcases.ASelbaseTest -->
