<?xml version="1.0" encoding="UTF-8"?>
<!-- Generated by org.testng.reporters.JUnitReportReporter -->
<testsuite skipped="0" hostname="ProIIDWS-01" name="com.protech.nvkids.testcases.LOGIN_Testscript" tests="1" failures="0" timestamp="03 Sep 2019 12:59:59 GMT" time="10.497" errors="0">
  <testcase name="VerifyLogin" time="10.497" classname="com.protech.nvkids.testcases.LOGIN_Testscript"/>
</testsuite> <!-- com.protech.nvkids.testcases.LOGIN_Testscript -->
