<?xml version="1.0" encoding="UTF-8"?>
<!-- Generated by org.testng.reporters.JUnitReportReporter -->
<testsuite skipped="1" hostname="ProIIDWS-01" name="com.protech.nvkids.testcases.BSTL_Testscript" tests="3" failures="0" timestamp="04 Sep 2019 13:33:59 GMT" time="68.363" errors="0">
  <testcase name="verifyCURSORfocus_SET" time="34.770" classname="com.protech.nvkids.testcases.BSTL_Testscript"/>
  <testcase name="verifyCURSORfocus_SET" time="33.593" classname="com.protech.nvkids.testcases.BSTL_Testscript"/>
  <testcase name="VerifyLogin" classname="com.protech.nvkids.testcases.BSTL_Testscript">
    <skipped/>
  </testcase> <!-- VerifyLogin -->
</testsuite> <!-- com.protech.nvkids.testcases.BSTL_Testscript -->
